<?xml version="1.0" encoding="UTF-8"?>
<!-- Generated by org.testng.reporters.JUnitXMLReporter -->
<testsuite ignored="0" hostname="DESKTOP-7EUDCAL" failures="0" tests="3" name="Sauce Test" time="8.697" errors="0" timestamp="2022-10-17T10:17:39 GMT-04:00">
  <testcase classname="com.testng.tests.LogOutTest" name="logout" time="3.768"/>
  <testcase classname="com.testng.tests.LoginTest" name="login" time="2.42"/>
  <testcase classname="com.testng.tests.AddTocartTest" name="addtocart" time="2.46"/>
</testsuite> <!-- Sauce Test -->
