<?xml version="1.0" encoding="UTF-8"?>
<!-- Generated by org.testng.reporters.JUnitXMLReporter -->
<testsuite ignored="0" hostname="DESKTOP-7EUDCAL" failures="0" tests="4" name="SAUCETEST" time="30.001" errors="0" timestamp="2022-10-19T10:41:57 GMT-04:00">
  <testcase classname="com.sauce.testcases.LoginTest" name="Invalidlogin" time="0.668"/>
  <testcase classname="com.sauce.testcases.LoginTest" name="Validlogin" time="0.712"/>
  <testcase classname="com.sauce.testcases.LogoutTest" name="logoout" time="3.097"/>
  <testcase classname="com.sauce.testcases.AddToCartTest" name="addtocart" time="3.135"/>
</testsuite> <!-- SAUCETEST -->
