<?xml version="1.0" encoding="UTF-8"?>
<testng-results ignored="0" total="1" passed="1" failed="0" skipped="0">
  <reporter-output>
  </reporter-output>
  <suite started-at="2022-10-20T10:25:17 GMT-04:00" name="Default suite" finished-at="2022-10-20T10:25:33 GMT-04:00" duration-ms="16357">
    <groups>
    </groups>
    <test started-at="2022-10-20T10:25:17 GMT-04:00" name="Default test" finished-at="2022-10-20T10:25:33 GMT-04:00" duration-ms="16357">
      <class name="com.sauce.tests.AddEmployeeTest">
        <test-method signature="Addemployee()[pri:0, instance:com.sauce.tests.AddEmployeeTest@22ef9844]" started-at="2022-10-20T10:25:17 GMT-04:00" name="Addemployee" finished-at="2022-10-20T10:25:33 GMT-04:00" duration-ms="16304" status="PASS">
          <reporter-output>
          </reporter-output>
        </test-method> <!-- Addemployee -->
      </class> <!-- com.sauce.tests.AddEmployeeTest -->
    </test> <!-- Default test -->
  </suite> <!-- Default suite -->
</testng-results>
