<?xml version="1.0" encoding="UTF-8"?>
<testng-results ignored="0" total="4" passed="4" failed="0" skipped="0">
  <reporter-output>
  </reporter-output>
  <suite started-at="2022-10-19T10:41:27 GMT-04:00" name="SAUCE_SUITE" finished-at="2022-10-19T10:41:57 GMT-04:00" duration-ms="30001">
    <groups>
    </groups>
    <test started-at="2022-10-19T10:41:27 GMT-04:00" name="SAUCETEST" finished-at="2022-10-19T10:41:57 GMT-04:00" duration-ms="30001">
      <class name="com.sauce.testcases.AddToCartTest">
        <test-method is-config="true" signature="intial()[pri:0, instance:com.sauce.testcases.AddToCartTest@2dde1bff]" started-at="2022-10-19T10:41:49 GMT-04:00" name="intial" finished-at="2022-10-19T10:41:53 GMT-04:00" duration-ms="4605" status="PASS">
          <reporter-output>
          </reporter-output>
        </test-method> <!-- intial -->
        <test-method signature="addtocart()[pri:0, instance:com.sauce.testcases.AddToCartTest@2dde1bff]" started-at="2022-10-19T10:41:53 GMT-04:00" name="addtocart" finished-at="2022-10-19T10:41:56 GMT-04:00" duration-ms="3135" status="PASS">
          <reporter-output>
          </reporter-output>
        </test-method> <!-- addtocart -->
        <test-method is-config="true" signature="teardown()[pri:0, instance:com.sauce.testcases.AddToCartTest@2dde1bff]" started-at="2022-10-19T10:41:56 GMT-04:00" name="teardown" finished-at="2022-10-19T10:41:57 GMT-04:00" duration-ms="821" status="PASS">
          <reporter-output>
          </reporter-output>
        </test-method> <!-- teardown -->
      </class> <!-- com.sauce.testcases.AddToCartTest -->
      <class name="com.sauce.testcases.LoginTest">
        <test-method is-config="true" signature="intial()[pri:0, instance:com.sauce.testcases.LoginTest@51f116b8]" started-at="2022-10-19T10:41:27 GMT-04:00" name="intial" finished-at="2022-10-19T10:41:33 GMT-04:00" duration-ms="5691" status="PASS">
          <reporter-output>
          </reporter-output>
        </test-method> <!-- intial -->
        <test-method signature="Invalidlogin()[pri:0, instance:com.sauce.testcases.LoginTest@51f116b8]" started-at="2022-10-19T10:41:33 GMT-04:00" name="Invalidlogin" finished-at="2022-10-19T10:41:34 GMT-04:00" duration-ms="668" status="PASS">
          <reporter-output>
          </reporter-output>
        </test-method> <!-- Invalidlogin -->
        <test-method is-config="true" signature="teardown()[pri:0, instance:com.sauce.testcases.LoginTest@51f116b8]" started-at="2022-10-19T10:41:34 GMT-04:00" name="teardown" finished-at="2022-10-19T10:41:35 GMT-04:00" duration-ms="979" status="PASS">
          <reporter-output>
          </reporter-output>
        </test-method> <!-- teardown -->
        <test-method is-config="true" signature="intial()[pri:0, instance:com.sauce.testcases.LoginTest@51f116b8]" started-at="2022-10-19T10:41:35 GMT-04:00" name="intial" finished-at="2022-10-19T10:41:39 GMT-04:00" duration-ms="4049" status="PASS">
          <reporter-output>
          </reporter-output>
        </test-method> <!-- intial -->
        <test-method signature="Validlogin()[pri:0, instance:com.sauce.testcases.LoginTest@51f116b8]" started-at="2022-10-19T10:41:39 GMT-04:00" name="Validlogin" finished-at="2022-10-19T10:41:39 GMT-04:00" duration-ms="712" status="PASS">
          <reporter-output>
          </reporter-output>
        </test-method> <!-- Validlogin -->
        <test-method is-config="true" signature="teardown()[pri:0, instance:com.sauce.testcases.LoginTest@51f116b8]" started-at="2022-10-19T10:41:39 GMT-04:00" name="teardown" finished-at="2022-10-19T10:41:40 GMT-04:00" duration-ms="970" status="PASS">
          <reporter-output>
          </reporter-output>
        </test-method> <!-- teardown -->
      </class> <!-- com.sauce.testcases.LoginTest -->
      <class name="com.sauce.testcases.LogoutTest">
        <test-method is-config="true" signature="intial()[pri:0, instance:com.sauce.testcases.LogoutTest@10163d6]" started-at="2022-10-19T10:41:40 GMT-04:00" name="intial" finished-at="2022-10-19T10:41:45 GMT-04:00" duration-ms="4300" status="PASS">
          <reporter-output>
          </reporter-output>
        </test-method> <!-- intial -->
        <test-method signature="logoout()[pri:0, instance:com.sauce.testcases.LogoutTest@10163d6]" started-at="2022-10-19T10:41:45 GMT-04:00" name="logoout" finished-at="2022-10-19T10:41:48 GMT-04:00" duration-ms="3097" status="PASS">
          <reporter-output>
          </reporter-output>
        </test-method> <!-- logoout -->
        <test-method is-config="true" signature="teardown()[pri:0, instance:com.sauce.testcases.LogoutTest@10163d6]" started-at="2022-10-19T10:41:48 GMT-04:00" name="teardown" finished-at="2022-10-19T10:41:49 GMT-04:00" duration-ms="909" status="PASS">
          <reporter-output>
          </reporter-output>
        </test-method> <!-- teardown -->
      </class> <!-- com.sauce.testcases.LogoutTest -->
    </test> <!-- SAUCETEST -->
  </suite> <!-- SAUCE_SUITE -->
</testng-results>
